Determining if the Q_WS_WIN exist failed with the following output:
Change Dir: /home/joana/git/faocas_qc_static/propertyeditor-2.1.3/cmake/CMakeFiles/CMakeTmp

Run Build Command:/usr/bin/make "cmTryCompileExec1326713998/fast"
/usr/bin/make -f CMakeFiles/cmTryCompileExec1326713998.dir/build.make CMakeFiles/cmTryCompileExec1326713998.dir/build
make[1]: Entering directory `/home/joana/git/faocas_qc_static/propertyeditor-2.1.3/cmake/CMakeFiles/CMakeTmp'
/usr/bin/cmake -E cmake_progress_report /home/joana/git/faocas_qc_static/propertyeditor-2.1.3/cmake/CMakeFiles/CMakeTmp/CMakeFiles 1
Building CXX object CMakeFiles/cmTryCompileExec1326713998.dir/CheckSymbolExists.cxx.o
/usr/bin/c++    -I/usr/local/Trolltech/Qt-4.8.6/include    -o CMakeFiles/cmTryCompileExec1326713998.dir/CheckSymbolExists.cxx.o -c /home/joana/git/faocas_qc_static/propertyeditor-2.1.3/cmake/CMakeFiles/CMakeTmp/CheckSymbolExists.cxx
/home/joana/git/faocas_qc_static/propertyeditor-2.1.3/cmake/CMakeFiles/CMakeTmp/CheckSymbolExists.cxx: In function ‘int main(int, char**)’:
/home/joana/git/faocas_qc_static/propertyeditor-2.1.3/cmake/CMakeFiles/CMakeTmp/CheckSymbolExists.cxx:8:19: error: ‘Q_WS_WIN’ was not declared in this scope
make[1]: *** [CMakeFiles/cmTryCompileExec1326713998.dir/CheckSymbolExists.cxx.o] Error 1
make[1]: Leaving directory `/home/joana/git/faocas_qc_static/propertyeditor-2.1.3/cmake/CMakeFiles/CMakeTmp'
make: *** [cmTryCompileExec1326713998/fast] Error 2

File /home/joana/git/faocas_qc_static/propertyeditor-2.1.3/cmake/CMakeFiles/CMakeTmp/CheckSymbolExists.cxx:
/* */
#include <QtCore/qglobal.h>

int main(int argc, char** argv)
{
  (void)argv;
#ifndef Q_WS_WIN
  return ((int*)(&Q_WS_WIN))[argc];
#else
  (void)argc;
  return 0;
#endif
}

Determining if the Q_WS_QWS exist failed with the following output:
Change Dir: /home/joana/git/faocas_qc_static/propertyeditor-2.1.3/cmake/CMakeFiles/CMakeTmp

Run Build Command:/usr/bin/make "cmTryCompileExec1749601916/fast"
/usr/bin/make -f CMakeFiles/cmTryCompileExec1749601916.dir/build.make CMakeFiles/cmTryCompileExec1749601916.dir/build
make[1]: Entering directory `/home/joana/git/faocas_qc_static/propertyeditor-2.1.3/cmake/CMakeFiles/CMakeTmp'
/usr/bin/cmake -E cmake_progress_report /home/joana/git/faocas_qc_static/propertyeditor-2.1.3/cmake/CMakeFiles/CMakeTmp/CMakeFiles 1
Building CXX object CMakeFiles/cmTryCompileExec1749601916.dir/CheckSymbolExists.cxx.o
/usr/bin/c++    -I/usr/local/Trolltech/Qt-4.8.6/include    -o CMakeFiles/cmTryCompileExec1749601916.dir/CheckSymbolExists.cxx.o -c /home/joana/git/faocas_qc_static/propertyeditor-2.1.3/cmake/CMakeFiles/CMakeTmp/CheckSymbolExists.cxx
/home/joana/git/faocas_qc_static/propertyeditor-2.1.3/cmake/CMakeFiles/CMakeTmp/CheckSymbolExists.cxx: In function ‘int main(int, char**)’:
/home/joana/git/faocas_qc_static/propertyeditor-2.1.3/cmake/CMakeFiles/CMakeTmp/CheckSymbolExists.cxx:8:19: error: ‘Q_WS_QWS’ was not declared in this scope
make[1]: *** [CMakeFiles/cmTryCompileExec1749601916.dir/CheckSymbolExists.cxx.o] Error 1
make[1]: Leaving directory `/home/joana/git/faocas_qc_static/propertyeditor-2.1.3/cmake/CMakeFiles/CMakeTmp'
make: *** [cmTryCompileExec1749601916/fast] Error 2

File /home/joana/git/faocas_qc_static/propertyeditor-2.1.3/cmake/CMakeFiles/CMakeTmp/CheckSymbolExists.cxx:
/* */
#include <QtCore/qglobal.h>

int main(int argc, char** argv)
{
  (void)argv;
#ifndef Q_WS_QWS
  return ((int*)(&Q_WS_QWS))[argc];
#else
  (void)argc;
  return 0;
#endif
}

Determining if the Q_WS_MAC exist failed with the following output:
Change Dir: /home/joana/git/faocas_qc_static/propertyeditor-2.1.3/cmake/CMakeFiles/CMakeTmp

Run Build Command:/usr/bin/make "cmTryCompileExec2366199257/fast"
/usr/bin/make -f CMakeFiles/cmTryCompileExec2366199257.dir/build.make CMakeFiles/cmTryCompileExec2366199257.dir/build
make[1]: Entering directory `/home/joana/git/faocas_qc_static/propertyeditor-2.1.3/cmake/CMakeFiles/CMakeTmp'
/usr/bin/cmake -E cmake_progress_report /home/joana/git/faocas_qc_static/propertyeditor-2.1.3/cmake/CMakeFiles/CMakeTmp/CMakeFiles 1
Building CXX object CMakeFiles/cmTryCompileExec2366199257.dir/CheckSymbolExists.cxx.o
/usr/bin/c++    -I/usr/local/Trolltech/Qt-4.8.6/include    -o CMakeFiles/cmTryCompileExec2366199257.dir/CheckSymbolExists.cxx.o -c /home/joana/git/faocas_qc_static/propertyeditor-2.1.3/cmake/CMakeFiles/CMakeTmp/CheckSymbolExists.cxx
/home/joana/git/faocas_qc_static/propertyeditor-2.1.3/cmake/CMakeFiles/CMakeTmp/CheckSymbolExists.cxx: In function ‘int main(int, char**)’:
/home/joana/git/faocas_qc_static/propertyeditor-2.1.3/cmake/CMakeFiles/CMakeTmp/CheckSymbolExists.cxx:8:19: error: ‘Q_WS_MAC’ was not declared in this scope
make[1]: *** [CMakeFiles/cmTryCompileExec2366199257.dir/CheckSymbolExists.cxx.o] Error 1
make[1]: Leaving directory `/home/joana/git/faocas_qc_static/propertyeditor-2.1.3/cmake/CMakeFiles/CMakeTmp'
make: *** [cmTryCompileExec2366199257/fast] Error 2

File /home/joana/git/faocas_qc_static/propertyeditor-2.1.3/cmake/CMakeFiles/CMakeTmp/CheckSymbolExists.cxx:
/* */
#include <QtCore/qglobal.h>

int main(int argc, char** argv)
{
  (void)argv;
#ifndef Q_WS_MAC
  return ((int*)(&Q_WS_MAC))[argc];
#else
  (void)argc;
  return 0;
#endif
}

Determining if the pthread_create exist failed with the following output:
Change Dir: /home/joana/git/faocas_qc_static/propertyeditor-2.1.3/cmake/CMakeFiles/CMakeTmp

Run Build Command:/usr/bin/make "cmTryCompileExec1617166063/fast"
/usr/bin/make -f CMakeFiles/cmTryCompileExec1617166063.dir/build.make CMakeFiles/cmTryCompileExec1617166063.dir/build
make[1]: Entering directory `/home/joana/git/faocas_qc_static/propertyeditor-2.1.3/cmake/CMakeFiles/CMakeTmp'
/usr/bin/cmake -E cmake_progress_report /home/joana/git/faocas_qc_static/propertyeditor-2.1.3/cmake/CMakeFiles/CMakeTmp/CMakeFiles 1
Building C object CMakeFiles/cmTryCompileExec1617166063.dir/CheckSymbolExists.c.o
/usr/bin/gcc    -o CMakeFiles/cmTryCompileExec1617166063.dir/CheckSymbolExists.c.o   -c /home/joana/git/faocas_qc_static/propertyeditor-2.1.3/cmake/CMakeFiles/CMakeTmp/CheckSymbolExists.c
Linking C executable cmTryCompileExec1617166063
/usr/bin/cmake -E cmake_link_script CMakeFiles/cmTryCompileExec1617166063.dir/link.txt --verbose=1
/usr/bin/gcc         CMakeFiles/cmTryCompileExec1617166063.dir/CheckSymbolExists.c.o  -o cmTryCompileExec1617166063 -rdynamic 
CMakeFiles/cmTryCompileExec1617166063.dir/CheckSymbolExists.c.o:CheckSymbolExists.c:function main: error: undefined reference to 'pthread_create'
collect2: error: ld returned 1 exit status
make[1]: *** [cmTryCompileExec1617166063] Error 1
make[1]: Leaving directory `/home/joana/git/faocas_qc_static/propertyeditor-2.1.3/cmake/CMakeFiles/CMakeTmp'
make: *** [cmTryCompileExec1617166063/fast] Error 2

File /home/joana/git/faocas_qc_static/propertyeditor-2.1.3/cmake/CMakeFiles/CMakeTmp/CheckSymbolExists.c:
/* */
#include <pthread.h>

int main(int argc, char** argv)
{
  (void)argv;
#ifndef pthread_create
  return ((int*)(&pthread_create))[argc];
#else
  (void)argc;
  return 0;
#endif
}

Determining if the function pthread_create exists in the pthreads failed with the following output:
Change Dir: /home/joana/git/faocas_qc_static/propertyeditor-2.1.3/cmake/CMakeFiles/CMakeTmp

Run Build Command:/usr/bin/make "cmTryCompileExec471641588/fast"
/usr/bin/make -f CMakeFiles/cmTryCompileExec471641588.dir/build.make CMakeFiles/cmTryCompileExec471641588.dir/build
make[1]: Entering directory `/home/joana/git/faocas_qc_static/propertyeditor-2.1.3/cmake/CMakeFiles/CMakeTmp'
/usr/bin/cmake -E cmake_progress_report /home/joana/git/faocas_qc_static/propertyeditor-2.1.3/cmake/CMakeFiles/CMakeTmp/CMakeFiles 1
Building C object CMakeFiles/cmTryCompileExec471641588.dir/CheckFunctionExists.c.o
/usr/bin/gcc   -DCHECK_FUNCTION_EXISTS=pthread_create   -o CMakeFiles/cmTryCompileExec471641588.dir/CheckFunctionExists.c.o   -c /usr/share/cmake-2.8/Modules/CheckFunctionExists.c
Linking C executable cmTryCompileExec471641588
/usr/bin/cmake -E cmake_link_script CMakeFiles/cmTryCompileExec471641588.dir/link.txt --verbose=1
/usr/bin/gcc     -DCHECK_FUNCTION_EXISTS=pthread_create    CMakeFiles/cmTryCompileExec471641588.dir/CheckFunctionExists.c.o  -o cmTryCompileExec471641588 -rdynamic -lpthreads 
/usr/bin/ld: error: cannot find -lpthreads
CMakeFiles/cmTryCompileExec471641588.dir/CheckFunctionExists.c.o:CheckFunctionExists.c:function main: error: undefined reference to 'pthread_create'
collect2: error: ld returned 1 exit status
make[1]: *** [cmTryCompileExec471641588] Error 1
make[1]: Leaving directory `/home/joana/git/faocas_qc_static/propertyeditor-2.1.3/cmake/CMakeFiles/CMakeTmp'
make: *** [cmTryCompileExec471641588/fast] Error 2


